2021-07-25 14:56:46 (MSK) - -------------NEW-----------------
2021-07-25 14:58:59 (MSK) - -------------NEW-----------------
2021-07-25 15:06:47 (MSK) - -------------NEW-----------------
2021-07-25 15:07:08 (MSK) - -------------NEW-----------------
2021-07-25 15:08:10 (MSK) - -------------NEW-----------------
2021-07-25 15:09:19 (MSK) - -------------NEW-----------------
2021-07-25 15:11:02 (MSK) - -------------NEW-----------------
2021-07-25 15:12:16 (MSK) - !!! ERROR !!! : Login failure
2021-07-25 15:12:21 (MSK) - -------------END-----------------
2021-07-25 15:12:40 (MSK) - -------------NEW-----------------
2021-07-25 15:17:52 (MSK) - -------------NEW-----------------
2021-07-25 15:20:24 (MSK) - -------------New Run-----------------
2021-07-25 15:23:13 (MSK) - -------------NEW-----------------
2021-07-25 15:23:15 (MSK) - Login was successful. Didn't check if it is the right account, but that seems to be an overkill
2021-07-25 15:23:20 (MSK) - -------------END-----------------
2021-07-25 15:27:20 (MSK) - -------------NEW-----------------
2021-07-25 15:30:10 (MSK) - -------------NEW-----------------
2021-07-25 15:33:05 (MSK) - -------------NEW-----------------
2021-07-25 15:33:06 (MSK) - Login was successful. Didn't check if it is the right account, but that seems to be an overkill
2021-07-25 15:33:11 (MSK) - -------------END-----------------
2021-07-25 15:36:52 (MSK) - -------------NEW-----------------
2021-07-25 15:36:53 (MSK) - Login was successful. Didn't check if it is the right account, but that seems to be an overkill
2021-07-25 15:36:58 (MSK) - h:i:s
2021-07-25 15:36:58 (MSK) - -------------END-----------------
2021-07-25 15:38:06 (MSK) - -------------NEW-----------------
2021-07-25 15:38:07 (MSK) - Login was successful. Didn't check if it is the right account, but that seems to be an overkill
2021-07-25 15:38:12 (MSK) - 0:0:6
2021-07-25 15:38:12 (MSK) - -------------END-----------------
2021-07-25 15:38:51 (MSK) - -------------NEW-----------------
2021-07-25 15:38:52 (MSK) - Login was successful. Didn't check if it is the right account, but that seems to be an overkill
2021-07-25 15:38:52 (MSK) - Minor thing: for some reason cart is not empty after login. Attempting to clear cart
2021-07-25 15:38:53 (MSK) - !!! ERROR !!! : Cart is not empty after login and even after trying to clear it out
2021-07-25 15:38:53 (MSK) - 0:0:2
2021-07-25 15:38:53 (MSK) - -------------END-----------------
2021-07-25 15:40:25 (MSK) - -------------NEW-----------------
2021-07-25 15:40:26 (MSK) - Login was successful. Didn't check if it is the right account, but that seems to be an overkill
2021-07-25 15:40:27 (MSK) - Minor thing: for some reason cart is not empty after login. Attempting to clear cart
2021-07-25 15:40:27 (MSK) - !!! ERROR !!! : Cart is not empty after login and even after trying to clear it out
2021-07-25 15:40:27 (MSK) - 0:0:2
2021-07-25 15:40:27 (MSK) - -------------END-----------------
2021-07-25 15:46:27 (MSK) - -------------NEW-----------------
2021-07-25 15:46:28 (MSK) - Login was successful. Didn't check if it is the right account, but that seems to be an overkill
2021-07-25 15:49:31 (MSK) - -------------NEW-----------------
2021-07-25 15:49:32 (MSK) - Login was successful. Didn't check if it is the right account, but that seems to be an overkill
2021-07-25 15:49:32 (MSK) - Cart is empty after login (Good)
2021-07-25 15:49:32 (MSK) - Today's product id file is empty, but we've used it from 1 days ago
2021-07-25 15:49:32 (MSK) - Previous product count is 847
2021-07-25 15:49:32 (MSK) - Categories product count crawling start:
 -> 5 series GT has 4
 -> 5 series others has 95
 -> 520 has 0
 -> 523 has 0
 -> 525 has 0
 -> 528 has 1
 -> 530 has 0
 -> 535 has 0
 -> 540 has 0
 -> X5 has 159
 -> X5M has 9
 -> X6 has 73
 -> X6M has 3
 -> M5 has 6
 -> 4 series has 4
 -> 430 has 0
 -> M3 has 0
 -> M4 has 3
 -> C 180 has 0
 -> C 200 has 0
 -> C 250 has 0
 -> C CLASS AMG has 4
 -> C CLASS others has 25
 -> E 200 has 1
 -> E 220 has 0
 -> E 250 has 0
 -> E 300 has 0
 -> E 320 has 0
 -> E 400 has 0
 -> E CLASS has 0
 -> E CLASS AMG has 4
 -> E CLASS others has 185
 -> GLE has 130
 -> GLE Coupe has 78
 -> GLS has 67
2021-07-25 15:50:18 (MSK) - Categories product count crawling ends with: 851 products
2021-07-25 15:50:18 (MSK) - Writing IDs we have got from crawling: -> Done - product count is 851
2021-07-25 15:50:18 (MSK) - Count of new products found: 8 -> Starting adding to cart
 -> Adding to cart product id: 716942
 -> Success. Cart count now is 1
 -> Adding to cart product id: 713668
 -> Success. Cart count now is 2
 -> Adding to cart product id: 733550
 -> Success. Cart count now is 3
 -> Adding to cart product id: 741169
 -> Success. Cart count now is 4
 -> Adding to cart product id: 741190
 -> Success. Cart count now is 5
 -> Adding to cart product id: 707427
 -> Success. Cart count now is 6
 -> Adding to cart product id: 724872
 -> Success. Cart count now is 7
 -> Adding to cart product id: 740181
 -> Success. Cart count now is 8
2021-07-25 15:50:19 (MSK) - 0:0:48
2021-07-25 15:50:19 (MSK) - -------------END-----------------
2021-07-25 19:37:04 (MSK) - -------------NEW-----------------
2021-07-25 19:37:05 (MSK) - Login was successful. Didn't check if it is the right account, but that seems to be an overkill
2021-07-25 19:37:06 (MSK) - Cart is empty after login (Good)
2021-07-25 19:37:06 (MSK) - Program Runtime:0:0:1
2021-07-25 19:37:06 (MSK) - -------------END-----------------
2021-07-25 21:07:04 (MSK) - -------------NEW-----------------
2021-07-25 21:07:06 (MSK) - Login was successful. Didn't check if it is the right account, but that seems to be an overkill
2021-07-25 21:07:06 (MSK) - Cart is empty after login (Good)
2021-07-25 21:07:06 (MSK) - Program Runtime: 0:0:1
2021-07-25 21:07:06 (MSK) - -------------END-----------------
